<?xml version="1.0" encoding="UTF-8"?>
<coverage generated="1541301669599" clover="3.2.0">
  <project timestamp="1541301669599" name="All files">
    <metrics statements="101" coveredstatements="40" conditionals="74" coveredconditionals="16" methods="27" coveredmethods="12" elements="202" coveredelements="68" complexity="0" loc="101" ncloc="101" packages="2" files="10" classes="10">
      <package name="components">
        <metrics statements="55" coveredstatements="30" conditionals="60" coveredconditionals="16" methods="20" coveredmethods="11"/>
        <file name="averageBar.jsx" path="/Users/jonathanmcnamara/Desktop/52-week-high/client/dist/src/components/averageBar.jsx">
          <metrics statements="4" coveredstatements="1" conditionals="8" coveredconditionals="0" methods="1" coveredmethods="0"/>
          <line num="5" count="1" type="stmt"/>
          <line num="6" count="0" type="cond" truecount="0" falsecount="2"/>
          <line num="7" count="0" type="cond" truecount="0" falsecount="2"/>
          <line num="8" count="0" type="stmt"/>
        </file>
        <file name="averageTag.jsx" path="/Users/jonathanmcnamara/Desktop/52-week-high/client/dist/src/components/averageTag.jsx">
          <metrics statements="3" coveredstatements="1" conditionals="2" coveredconditionals="0" methods="1" coveredmethods="0"/>
          <line num="4" count="2" type="stmt"/>
          <line num="5" count="0" type="stmt"/>
          <line num="6" count="0" type="stmt"/>
        </file>
        <file name="bars.jsx" path="/Users/jonathanmcnamara/Desktop/52-week-high/client/dist/src/components/bars.jsx">
          <metrics statements="18" coveredstatements="6" conditionals="4" coveredconditionals="0" methods="8" coveredmethods="3"/>
          <line num="22" count="1" type="stmt"/>
          <line num="23" count="1" type="stmt"/>
          <line num="38" count="1" type="stmt"/>
          <line num="39" count="1" type="stmt"/>
          <line num="42" count="1" type="stmt"/>
          <line num="44" count="0" type="stmt"/>
          <line num="45" count="0" type="stmt"/>
          <line num="46" count="0" type="stmt"/>
          <line num="59" count="0" type="stmt"/>
          <line num="63" count="0" type="stmt"/>
          <line num="64" count="0" type="stmt"/>
          <line num="73" count="0" type="stmt"/>
          <line num="80" count="1" type="stmt"/>
          <line num="91" count="0" type="cond" truecount="0" falsecount="2"/>
          <line num="92" count="0" type="stmt"/>
          <line num="102" count="0" type="cond" truecount="0" falsecount="2"/>
          <line num="104" count="0" type="stmt"/>
          <line num="116" count="0" type="stmt"/>
        </file>
        <file name="currentPrice.jsx" path="/Users/jonathanmcnamara/Desktop/52-week-high/client/dist/src/components/currentPrice.jsx">
          <metrics statements="5" coveredstatements="2" conditionals="10" coveredconditionals="0" methods="2" coveredmethods="1"/>
          <line num="5" count="1" type="stmt"/>
          <line num="6" count="1" type="stmt"/>
          <line num="10" count="0" type="cond" truecount="0" falsecount="2"/>
          <line num="11" count="0" type="cond" truecount="0" falsecount="4"/>
          <line num="17" count="0" type="stmt"/>
        </file>
        <file name="currentPriceBar.jsx" path="/Users/jonathanmcnamara/Desktop/52-week-high/client/dist/src/components/currentPriceBar.jsx">
          <metrics statements="6" coveredstatements="5" conditionals="10" coveredconditionals="4" methods="1" coveredmethods="1"/>
          <line num="5" count="2" type="stmt"/>
          <line num="6" count="1" type="cond" truecount="1" falsecount="1"/>
          <line num="7" count="1" type="cond" truecount="1" falsecount="1"/>
          <line num="8" count="1" type="cond" truecount="1" falsecount="1"/>
          <line num="9" count="0" type="stmt"/>
          <line num="18" count="1" type="stmt"/>
        </file>
        <file name="fiftyTwoWeekInfo.jsx" path="/Users/jonathanmcnamara/Desktop/52-week-high/client/dist/src/components/fiftyTwoWeekInfo.jsx">
          <metrics statements="2" coveredstatements="2" conditionals="0" coveredconditionals="0" methods="1" coveredmethods="1"/>
          <line num="4" count="1" type="stmt"/>
          <line num="5" count="1" type="stmt"/>
        </file>
        <file name="normalBar.jsx" path="/Users/jonathanmcnamara/Desktop/52-week-high/client/dist/src/components/normalBar.jsx">
          <metrics statements="9" coveredstatements="9" conditionals="12" coveredconditionals="11" methods="4" coveredmethods="4"/>
          <line num="6" count="2" type="stmt"/>
          <line num="7" count="2" type="stmt"/>
          <line num="10" count="2" type="stmt"/>
          <line num="11" count="2" type="stmt"/>
          <line num="15" count="1" type="stmt"/>
          <line num="20" count="1" type="stmt"/>
          <line num="25" count="4" type="cond" truecount="1" falsecount="1"/>
          <line num="26" count="4" type="cond" truecount="2" falsecount="0"/>
          <line num="27" count="4" type="stmt"/>
        </file>
        <file name="pricePercentageAboveBelow.jsx" path="/Users/jonathanmcnamara/Desktop/52-week-high/client/dist/src/components/pricePercentageAboveBelow.jsx">
          <metrics statements="4" coveredstatements="1" conditionals="10" coveredconditionals="0" methods="1" coveredmethods="0"/>
          <line num="4" count="1" type="stmt"/>
          <line num="5" count="0" type="cond" truecount="0" falsecount="2"/>
          <line num="6" count="0" type="stmt"/>
          <line num="17" count="0" type="stmt"/>
        </file>
        <file name="showBarInfo.jsx" path="/Users/jonathanmcnamara/Desktop/52-week-high/client/dist/src/components/showBarInfo.jsx">
          <metrics statements="4" coveredstatements="3" conditionals="4" coveredconditionals="1" methods="1" coveredmethods="1"/>
          <line num="4" count="1" type="stmt"/>
          <line num="5" count="1" type="cond" truecount="1" falsecount="1"/>
          <line num="6" count="0" type="stmt"/>
          <line num="11" count="1" type="stmt"/>
        </file>
      </package>
      <package name="components.utilities">
        <metrics statements="46" coveredstatements="10" conditionals="14" coveredconditionals="0" methods="7" coveredmethods="1"/>
        <file name="bars.js" path="/Users/jonathanmcnamara/Desktop/52-week-high/client/dist/src/components/utilities/bars.js">
          <metrics statements="46" coveredstatements="10" conditionals="14" coveredconditionals="0" methods="7" coveredmethods="1"/>
          <line num="1" count="2" type="stmt"/>
          <line num="2" count="1" type="stmt"/>
          <line num="3" count="1" type="stmt"/>
          <line num="4" count="3" type="stmt"/>
          <line num="6" count="1" type="stmt"/>
          <line num="9" count="2" type="stmt"/>
          <line num="10" count="0" type="stmt"/>
          <line num="11" count="0" type="stmt"/>
          <line num="12" count="0" type="cond" truecount="0" falsecount="2"/>
          <line num="13" count="0" type="stmt"/>
          <line num="16" count="0" type="stmt"/>
          <line num="19" count="2" type="stmt"/>
          <line num="20" count="0" type="cond" truecount="0" falsecount="2"/>
          <line num="21" count="0" type="stmt"/>
          <line num="22" count="0" type="stmt"/>
          <line num="24" count="0" type="stmt"/>
          <line num="25" count="0" type="stmt"/>
          <line num="28" count="2" type="stmt"/>
          <line num="29" count="0" type="cond" truecount="0" falsecount="2"/>
          <line num="30" count="0" type="stmt"/>
          <line num="31" count="0" type="stmt"/>
          <line num="33" count="0" type="stmt"/>
          <line num="34" count="0" type="stmt"/>
          <line num="38" count="2" type="stmt"/>
          <line num="39" count="0" type="cond" truecount="0" falsecount="2"/>
          <line num="40" count="0" type="stmt"/>
          <line num="41" count="0" type="stmt"/>
          <line num="43" count="0" type="stmt"/>
          <line num="44" count="0" type="stmt"/>
          <line num="48" count="2" type="stmt"/>
          <line num="50" count="0" type="stmt"/>
          <line num="51" count="0" type="stmt"/>
          <line num="52" count="0" type="cond" truecount="0" falsecount="2"/>
          <line num="53" count="0" type="stmt"/>
          <line num="54" count="0" type="stmt"/>
          <line num="56" count="0" type="stmt"/>
          <line num="57" count="0" type="stmt"/>
          <line num="58" count="0" type="cond" truecount="0" falsecount="2"/>
          <line num="59" count="0" type="stmt"/>
          <line num="60" count="0" type="cond" truecount="0" falsecount="2"/>
          <line num="61" count="0" type="stmt"/>
          <line num="62" count="0" type="stmt"/>
          <line num="64" count="0" type="stmt"/>
          <line num="65" count="0" type="stmt"/>
          <line num="68" count="0" type="stmt"/>
          <line num="69" count="0" type="stmt"/>
        </file>
      </package>
    </metrics>
  </project>
</coverage>
