{"/Users/jonathanmcnamara/Desktop/52-week-high/client/dist/src/components/averageBar.jsx": {"path":"/Users/jonathanmcnamara/Desktop/52-week-high/client/dist/src/components/averageBar.jsx","statementMap":{"0":{"start":{"line":5,"column":19},"end":{"line":16,"column":1}},"1":{"start":{"line":6,"column":20},"end":{"line":6,"column":58}},"2":{"start":{"line":7,"column":22},"end":{"line":7,"column":79}},"3":{"start":{"line":8,"column":2},"end":{"line":15,"column":9}}},"fnMap":{"0":{"name":"(anonymous_0)","decl":{"start":{"line":5,"column":19},"end":{"line":5,"column":20}},"loc":{"start":{"line":5,"column":30},"end":{"line":16,"column":1}},"line":5}},"branchMap":{"0":{"loc":{"start":{"line":6,"column":20},"end":{"line":6,"column":58}},"type":"cond-expr","locations":[{"start":{"line":6,"column":37},"end":{"line":6,"column":46}},{"start":{"line":6,"column":49},"end":{"line":6,"column":58}}],"line":6},"1":{"loc":{"start":{"line":7,"column":22},"end":{"line":7,"column":79}},"type":"cond-expr","locations":[{"start":{"line":7,"column":42},"end":{"line":7,"column":67}},{"start":{"line":7,"column":70},"end":{"line":7,"column":79}}],"line":7},"2":{"loc":{"start":{"line":12,"column":56},"end":{"line":12,"column":160}},"type":"cond-expr","locations":[{"start":{"line":12,"column":137},"end":{"line":12,"column":146}},{"start":{"line":12,"column":149},"end":{"line":12,"column":160}}],"line":12},"3":{"loc":{"start":{"line":12,"column":56},"end":{"line":12,"column":134}},"type":"binary-expr","locations":[{"start":{"line":12,"column":56},"end":{"line":12,"column":92}},{"start":{"line":12,"column":96},"end":{"line":12,"column":134}}],"line":12}},"s":{"0":1,"1":0,"2":0,"3":0},"f":{"0":0},"b":{"0":[0,0],"1":[0,0],"2":[0,0],"3":[0,0]},"_coverageSchema":"332fd63041d2c1bcb487cc26dd0d5f7d97098a6c","hash":"786f6c9ccf5e6127f56c58c8f5d039bb7bbb0175"}
,"/Users/jonathanmcnamara/Desktop/52-week-high/client/dist/src/components/averageTag.jsx": {"path":"/Users/jonathanmcnamara/Desktop/52-week-high/client/dist/src/components/averageTag.jsx","statementMap":{"0":{"start":{"line":4,"column":19},"end":{"line":13,"column":1}},"1":{"start":{"line":5,"column":2},"end":{"line":5,"column":33}},"2":{"start":{"line":6,"column":2},"end":{"line":12,"column":3}}},"fnMap":{"0":{"name":"(anonymous_0)","decl":{"start":{"line":4,"column":19},"end":{"line":4,"column":20}},"loc":{"start":{"line":4,"column":30},"end":{"line":13,"column":1}},"line":4}},"branchMap":{"0":{"loc":{"start":{"line":7,"column":54},"end":{"line":7,"column":108}},"type":"cond-expr","locations":[{"start":{"line":7,"column":74},"end":{"line":7,"column":86}},{"start":{"line":7,"column":89},"end":{"line":7,"column":108}}],"line":7}},"s":{"0":2,"1":0,"2":0},"f":{"0":0},"b":{"0":[0,0]},"_coverageSchema":"332fd63041d2c1bcb487cc26dd0d5f7d97098a6c","hash":"076d0f51edde6a57fb1b863b6e4102e49632b570"}
,"/Users/jonathanmcnamara/Desktop/52-week-high/client/dist/src/components/bars.jsx": {"path":"/Users/jonathanmcnamara/Desktop/52-week-high/client/dist/src/components/bars.jsx","statementMap":{"0":{"start":{"line":22,"column":4},"end":{"line":22,"column":16}},"1":{"start":{"line":23,"column":4},"end":{"line":37,"column":5}},"2":{"start":{"line":38,"column":4},"end":{"line":38,"column":58}},"3":{"start":{"line":39,"column":4},"end":{"line":39,"column":65}},"4":{"start":{"line":42,"column":4},"end":{"line":60,"column":8}},"5":{"start":{"line":44,"column":22},"end":{"line":44,"column":48}},"6":{"start":{"line":45,"column":27},"end":{"line":45,"column":53}},"7":{"start":{"line":46,"column":8},"end":{"line":56,"column":11}},"8":{"start":{"line":59,"column":8},"end":{"line":59,"column":27}},"9":{"start":{"line":63,"column":4},"end":{"line":63,"column":40}},"10":{"start":{"line":64,"column":4},"end":{"line":69,"column":6}},"11":{"start":{"line":73,"column":4},"end":{"line":75,"column":6}},"12":{"start":{"line":80,"column":4},"end":{"line":141,"column":5}},"13":{"start":{"line":91,"column":12},"end":{"line":125,"column":13}},"14":{"start":{"line":92,"column":12},"end":{"line":100,"column":18}},"15":{"start":{"line":102,"column":19},"end":{"line":125,"column":13}},"16":{"start":{"line":104,"column":12},"end":{"line":112,"column":18}},"17":{"start":{"line":116,"column":10},"end":{"line":123,"column":16}}},"fnMap":{"0":{"name":"(anonymous_0)","decl":{"start":{"line":21,"column":2},"end":{"line":21,"column":3}},"loc":{"start":{"line":21,"column":21},"end":{"line":40,"column":3}},"line":21},"1":{"name":"(anonymous_1)","decl":{"start":{"line":41,"column":2},"end":{"line":41,"column":3}},"loc":{"start":{"line":41,"column":27},"end":{"line":61,"column":3}},"line":41},"2":{"name":"(anonymous_2)","decl":{"start":{"line":43,"column":12},"end":{"line":43,"column":13}},"loc":{"start":{"line":43,"column":26},"end":{"line":57,"column":7}},"line":43},"3":{"name":"(anonymous_3)","decl":{"start":{"line":58,"column":13},"end":{"line":58,"column":14}},"loc":{"start":{"line":58,"column":24},"end":{"line":60,"column":7}},"line":58},"4":{"name":"(anonymous_4)","decl":{"start":{"line":62,"column":2},"end":{"line":62,"column":3}},"loc":{"start":{"line":62,"column":26},"end":{"line":70,"column":3}},"line":62},"5":{"name":"(anonymous_5)","decl":{"start":{"line":72,"column":2},"end":{"line":72,"column":3}},"loc":{"start":{"line":72,"column":28},"end":{"line":77,"column":3}},"line":72},"6":{"name":"(anonymous_6)","decl":{"start":{"line":79,"column":2},"end":{"line":79,"column":3}},"loc":{"start":{"line":79,"column":11},"end":{"line":143,"column":3}},"line":79},"7":{"name":"(anonymous_7)","decl":{"start":{"line":90,"column":31},"end":{"line":90,"column":32}},"loc":{"start":{"line":90,"column":45},"end":{"line":126,"column":11}},"line":90}},"branchMap":{"0":{"loc":{"start":{"line":91,"column":12},"end":{"line":125,"column":13}},"type":"if","locations":[{"start":{"line":91,"column":12},"end":{"line":125,"column":13}},{"start":{"line":91,"column":12},"end":{"line":125,"column":13}}],"line":91},"1":{"loc":{"start":{"line":102,"column":19},"end":{"line":125,"column":13}},"type":"if","locations":[{"start":{"line":102,"column":19},"end":{"line":125,"column":13}},{"start":{"line":102,"column":19},"end":{"line":125,"column":13}}],"line":102}},"s":{"0":1,"1":1,"2":1,"3":1,"4":1,"5":0,"6":0,"7":0,"8":0,"9":0,"10":0,"11":0,"12":1,"13":0,"14":0,"15":0,"16":0,"17":0},"f":{"0":1,"1":1,"2":0,"3":0,"4":0,"5":0,"6":1,"7":0},"b":{"0":[0,0],"1":[0,0]},"_coverageSchema":"332fd63041d2c1bcb487cc26dd0d5f7d97098a6c","hash":"ea3e5ee90ef745ab873b4978940179c6deb7b295"}
,"/Users/jonathanmcnamara/Desktop/52-week-high/client/dist/src/components/currentPrice.jsx": {"path":"/Users/jonathanmcnamara/Desktop/52-week-high/client/dist/src/components/currentPrice.jsx","statementMap":{"0":{"start":{"line":5,"column":21},"end":{"line":23,"column":1}},"1":{"start":{"line":6,"column":4},"end":{"line":22,"column":1}},"2":{"start":{"line":10,"column":12},"end":{"line":16,"column":1}},"3":{"start":{"line":11,"column":14},"end":{"line":15,"column":20}},"4":{"start":{"line":17,"column":0},"end":{"line":17,"column":44}}},"fnMap":{"0":{"name":"(anonymous_0)","decl":{"start":{"line":5,"column":21},"end":{"line":5,"column":22}},"loc":{"start":{"line":5,"column":32},"end":{"line":23,"column":1}},"line":5},"1":{"name":"(anonymous_1)","decl":{"start":{"line":8,"column":26},"end":{"line":8,"column":27}},"loc":{"start":{"line":9,"column":12},"end":{"line":19,"column":1}},"line":9}},"branchMap":{"0":{"loc":{"start":{"line":10,"column":12},"end":{"line":16,"column":1}},"type":"if","locations":[{"start":{"line":10,"column":12},"end":{"line":16,"column":1}},{"start":{"line":10,"column":12},"end":{"line":16,"column":1}}],"line":10},"1":{"loc":{"start":{"line":11,"column":37},"end":{"line":11,"column":104}},"type":"cond-expr","locations":[{"start":{"line":11,"column":68},"end":{"line":11,"column":85}},{"start":{"line":11,"column":88},"end":{"line":11,"column":104}}],"line":11},"2":{"loc":{"start":{"line":11,"column":131},"end":{"line":11,"column":170}},"type":"cond-expr","locations":[{"start":{"line":11,"column":149},"end":{"line":11,"column":158}},{"start":{"line":11,"column":161},"end":{"line":11,"column":170}}],"line":11},"3":{"loc":{"start":{"line":13,"column":32},"end":{"line":13,"column":95}},"type":"cond-expr","locations":[{"start":{"line":13,"column":63},"end":{"line":13,"column":78}},{"start":{"line":13,"column":81},"end":{"line":13,"column":95}}],"line":13},"4":{"loc":{"start":{"line":13,"column":122},"end":{"line":13,"column":161}},"type":"cond-expr","locations":[{"start":{"line":13,"column":140},"end":{"line":13,"column":149}},{"start":{"line":13,"column":152},"end":{"line":13,"column":161}}],"line":13}},"s":{"0":1,"1":1,"2":0,"3":0,"4":0},"f":{"0":1,"1":0},"b":{"0":[0,0],"1":[0,0],"2":[0,0],"3":[0,0],"4":[0,0]},"_coverageSchema":"332fd63041d2c1bcb487cc26dd0d5f7d97098a6c","hash":"d28cf4a03c62a65c96bb44e2f1d58b9bd6ea3dc4"}
,"/Users/jonathanmcnamara/Desktop/52-week-high/client/dist/src/components/currentPriceBar.jsx": {"path":"/Users/jonathanmcnamara/Desktop/52-week-high/client/dist/src/components/currentPriceBar.jsx","statementMap":{"0":{"start":{"line":5,"column":24},"end":{"line":24,"column":1}},"1":{"start":{"line":6,"column":20},"end":{"line":6,"column":58}},"2":{"start":{"line":7,"column":22},"end":{"line":7,"column":79}},"3":{"start":{"line":8,"column":2},"end":{"line":17,"column":3}},"4":{"start":{"line":9,"column":4},"end":{"line":16,"column":5}},"5":{"start":{"line":18,"column":2},"end":{"line":23,"column":11}}},"fnMap":{"0":{"name":"(anonymous_0)","decl":{"start":{"line":5,"column":24},"end":{"line":5,"column":25}},"loc":{"start":{"line":5,"column":35},"end":{"line":24,"column":1}},"line":5}},"branchMap":{"0":{"loc":{"start":{"line":6,"column":20},"end":{"line":6,"column":58}},"type":"cond-expr","locations":[{"start":{"line":6,"column":37},"end":{"line":6,"column":46}},{"start":{"line":6,"column":49},"end":{"line":6,"column":58}}],"line":6},"1":{"loc":{"start":{"line":7,"column":22},"end":{"line":7,"column":79}},"type":"cond-expr","locations":[{"start":{"line":7,"column":42},"end":{"line":7,"column":67}},{"start":{"line":7,"column":70},"end":{"line":7,"column":79}}],"line":7},"2":{"loc":{"start":{"line":8,"column":2},"end":{"line":17,"column":3}},"type":"if","locations":[{"start":{"line":8,"column":2},"end":{"line":17,"column":3}},{"start":{"line":8,"column":2},"end":{"line":17,"column":3}}],"line":8},"3":{"loc":{"start":{"line":13,"column":61},"end":{"line":13,"column":99}},"type":"cond-expr","locations":[{"start":{"line":13,"column":78},"end":{"line":13,"column":87}},{"start":{"line":13,"column":90},"end":{"line":13,"column":99}}],"line":13},"4":{"loc":{"start":{"line":21,"column":59},"end":{"line":21,"column":97}},"type":"cond-expr","locations":[{"start":{"line":21,"column":76},"end":{"line":21,"column":85}},{"start":{"line":21,"column":88},"end":{"line":21,"column":97}}],"line":21}},"s":{"0":2,"1":1,"2":1,"3":1,"4":0,"5":1},"f":{"0":1},"b":{"0":[0,1],"1":[0,1],"2":[0,1],"3":[0,0],"4":[0,1]},"_coverageSchema":"332fd63041d2c1bcb487cc26dd0d5f7d97098a6c","hash":"77338797baff898da98f5ac449da8837ca420197"}
,"/Users/jonathanmcnamara/Desktop/52-week-high/client/dist/src/components/fiftyTwoWeekInfo.jsx": {"path":"/Users/jonathanmcnamara/Desktop/52-week-high/client/dist/src/components/fiftyTwoWeekInfo.jsx","statementMap":{"0":{"start":{"line":4,"column":25},"end":{"line":17,"column":1}},"1":{"start":{"line":5,"column":2},"end":{"line":16,"column":3}}},"fnMap":{"0":{"name":"(anonymous_0)","decl":{"start":{"line":4,"column":25},"end":{"line":4,"column":26}},"loc":{"start":{"line":4,"column":36},"end":{"line":17,"column":1}},"line":4}},"branchMap":{},"s":{"0":1,"1":1},"f":{"0":1},"b":{},"_coverageSchema":"332fd63041d2c1bcb487cc26dd0d5f7d97098a6c","hash":"33c45071ce5af91b916e61c186589bae11a9ef25"}
,"/Users/jonathanmcnamara/Desktop/52-week-high/client/dist/src/components/normalBar.jsx": {"path":"/Users/jonathanmcnamara/Desktop/52-week-high/client/dist/src/components/normalBar.jsx","statementMap":{"0":{"start":{"line":6,"column":4},"end":{"line":6,"column":16}},"1":{"start":{"line":7,"column":4},"end":{"line":9,"column":5}},"2":{"start":{"line":10,"column":4},"end":{"line":10,"column":55}},"3":{"start":{"line":11,"column":4},"end":{"line":11,"column":65}},"4":{"start":{"line":15,"column":4},"end":{"line":17,"column":6}},"5":{"start":{"line":20,"column":4},"end":{"line":22,"column":6}},"6":{"start":{"line":25,"column":22},"end":{"line":25,"column":65}},"7":{"start":{"line":26,"column":24},"end":{"line":26,"column":86}},"8":{"start":{"line":27,"column":4},"end":{"line":35,"column":13}}},"fnMap":{"0":{"name":"(anonymous_0)","decl":{"start":{"line":5,"column":2},"end":{"line":5,"column":3}},"loc":{"start":{"line":5,"column":21},"end":{"line":12,"column":3}},"line":5},"1":{"name":"(anonymous_1)","decl":{"start":{"line":14,"column":2},"end":{"line":14,"column":3}},"loc":{"start":{"line":14,"column":23},"end":{"line":18,"column":3}},"line":14},"2":{"name":"(anonymous_2)","decl":{"start":{"line":19,"column":2},"end":{"line":19,"column":3}},"loc":{"start":{"line":19,"column":28},"end":{"line":23,"column":3}},"line":19},"3":{"name":"(anonymous_3)","decl":{"start":{"line":24,"column":2},"end":{"line":24,"column":3}},"loc":{"start":{"line":24,"column":11},"end":{"line":37,"column":3}},"line":24}},"branchMap":{"0":{"loc":{"start":{"line":25,"column":22},"end":{"line":25,"column":65}},"type":"cond-expr","locations":[{"start":{"line":25,"column":44},"end":{"line":25,"column":53}},{"start":{"line":25,"column":56},"end":{"line":25,"column":65}}],"line":25},"1":{"loc":{"start":{"line":26,"column":24},"end":{"line":26,"column":86}},"type":"cond-expr","locations":[{"start":{"line":26,"column":49},"end":{"line":26,"column":74}},{"start":{"line":26,"column":77},"end":{"line":26,"column":86}}],"line":26},"2":{"loc":{"start":{"line":31,"column":65},"end":{"line":31,"column":189}},"type":"cond-expr","locations":[{"start":{"line":31,"column":166},"end":{"line":31,"column":175}},{"start":{"line":31,"column":178},"end":{"line":31,"column":189}}],"line":31},"3":{"loc":{"start":{"line":31,"column":65},"end":{"line":31,"column":163}},"type":"binary-expr","locations":[{"start":{"line":31,"column":65},"end":{"line":31,"column":111}},{"start":{"line":31,"column":115},"end":{"line":31,"column":163}}],"line":31},"4":{"loc":{"start":{"line":32,"column":24},"end":{"line":32,"column":71}},"type":"cond-expr","locations":[{"start":{"line":32,"column":43},"end":{"line":32,"column":55}},{"start":{"line":32,"column":58},"end":{"line":32,"column":71}}],"line":32},"5":{"loc":{"start":{"line":33,"column":25},"end":{"line":33,"column":66}},"type":"cond-expr","locations":[{"start":{"line":33,"column":50},"end":{"line":33,"column":57}},{"start":{"line":33,"column":59},"end":{"line":33,"column":66}}],"line":33}},"s":{"0":2,"1":2,"2":2,"3":2,"4":1,"5":1,"6":4,"7":4,"8":4},"f":{"0":2,"1":1,"2":1,"3":4},"b":{"0":[0,4],"1":[3,1],"2":[3,1],"3":[4,3],"4":[1,3],"5":[3,1]},"_coverageSchema":"332fd63041d2c1bcb487cc26dd0d5f7d97098a6c","hash":"4c7809518ed8c2b0c1cd76485cd09ed87d6724b6"}
,"/Users/jonathanmcnamara/Desktop/52-week-high/client/dist/src/components/pricePercentageAboveBelow.jsx": {"path":"/Users/jonathanmcnamara/Desktop/52-week-high/client/dist/src/components/pricePercentageAboveBelow.jsx","statementMap":{"0":{"start":{"line":4,"column":19},"end":{"line":27,"column":1}},"1":{"start":{"line":5,"column":2},"end":{"line":16,"column":3}},"2":{"start":{"line":6,"column":4},"end":{"line":15,"column":5}},"3":{"start":{"line":17,"column":2},"end":{"line":26,"column":3}}},"fnMap":{"0":{"name":"(anonymous_0)","decl":{"start":{"line":4,"column":19},"end":{"line":4,"column":20}},"loc":{"start":{"line":4,"column":30},"end":{"line":27,"column":1}},"line":4}},"branchMap":{"0":{"loc":{"start":{"line":5,"column":2},"end":{"line":16,"column":3}},"type":"if","locations":[{"start":{"line":5,"column":2},"end":{"line":16,"column":3}},{"start":{"line":5,"column":2},"end":{"line":16,"column":3}}],"line":5},"1":{"loc":{"start":{"line":9,"column":29},"end":{"line":9,"column":67}},"type":"cond-expr","locations":[{"start":{"line":9,"column":46},"end":{"line":9,"column":55}},{"start":{"line":9,"column":58},"end":{"line":9,"column":67}}],"line":9},"2":{"loc":{"start":{"line":12,"column":31},"end":{"line":12,"column":68}},"type":"cond-expr","locations":[{"start":{"line":12,"column":48},"end":{"line":12,"column":57}},{"start":{"line":12,"column":59},"end":{"line":12,"column":68}}],"line":12},"3":{"loc":{"start":{"line":20,"column":27},"end":{"line":20,"column":65}},"type":"cond-expr","locations":[{"start":{"line":20,"column":44},"end":{"line":20,"column":53}},{"start":{"line":20,"column":56},"end":{"line":20,"column":65}}],"line":20},"4":{"loc":{"start":{"line":23,"column":29},"end":{"line":23,"column":67}},"type":"cond-expr","locations":[{"start":{"line":23,"column":46},"end":{"line":23,"column":55}},{"start":{"line":23,"column":58},"end":{"line":23,"column":67}}],"line":23}},"s":{"0":1,"1":0,"2":0,"3":0},"f":{"0":0},"b":{"0":[0,0],"1":[0,0],"2":[0,0],"3":[0,0],"4":[0,0]},"_coverageSchema":"332fd63041d2c1bcb487cc26dd0d5f7d97098a6c","hash":"aa7181fa704d5d354f5b650378d6608417d90433"}
,"/Users/jonathanmcnamara/Desktop/52-week-high/client/dist/src/components/showBarInfo.jsx": {"path":"/Users/jonathanmcnamara/Desktop/52-week-high/client/dist/src/components/showBarInfo.jsx","statementMap":{"0":{"start":{"line":4,"column":20},"end":{"line":13,"column":1}},"1":{"start":{"line":5,"column":2},"end":{"line":10,"column":3}},"2":{"start":{"line":6,"column":4},"end":{"line":9,"column":5}},"3":{"start":{"line":11,"column":2},"end":{"line":11,"column":22}}},"fnMap":{"0":{"name":"(anonymous_0)","decl":{"start":{"line":4,"column":20},"end":{"line":4,"column":21}},"loc":{"start":{"line":4,"column":31},"end":{"line":13,"column":1}},"line":4}},"branchMap":{"0":{"loc":{"start":{"line":5,"column":2},"end":{"line":10,"column":3}},"type":"if","locations":[{"start":{"line":5,"column":2},"end":{"line":10,"column":3}},{"start":{"line":5,"column":2},"end":{"line":10,"column":3}}],"line":5},"1":{"loc":{"start":{"line":7,"column":89},"end":{"line":7,"column":140}},"type":"cond-expr","locations":[{"start":{"line":7,"column":103},"end":{"line":7,"column":123}},{"start":{"line":7,"column":126},"end":{"line":7,"column":140}}],"line":7}},"s":{"0":1,"1":1,"2":0,"3":1},"f":{"0":1},"b":{"0":[0,1],"1":[0,0]},"_coverageSchema":"332fd63041d2c1bcb487cc26dd0d5f7d97098a6c","hash":"f7b286cce6d81113e1e1ac7497add089c0618d98"}
,"/Users/jonathanmcnamara/Desktop/52-week-high/client/dist/src/components/utilities/bars.js": {"path":"/Users/jonathanmcnamara/Desktop/52-week-high/client/dist/src/components/utilities/bars.js","statementMap":{"0":{"start":{"line":1,"column":25},"end":{"line":7,"column":1}},"1":{"start":{"line":2,"column":14},"end":{"line":2,"column":15}},"2":{"start":{"line":3,"column":2},"end":{"line":5,"column":3}},"3":{"start":{"line":4,"column":4},"end":{"line":4,"column":37}},"4":{"start":{"line":6,"column":2},"end":{"line":6,"column":51}},"5":{"start":{"line":9,"column":25},"end":{"line":17,"column":1}},"6":{"start":{"line":10,"column":21},"end":{"line":10,"column":22}},"7":{"start":{"line":11,"column":2},"end":{"line":15,"column":3}},"8":{"start":{"line":12,"column":4},"end":{"line":14,"column":5}},"9":{"start":{"line":13,"column":6},"end":{"line":13,"column":45}},"10":{"start":{"line":16,"column":2},"end":{"line":16,"column":22}},"11":{"start":{"line":19,"column":29},"end":{"line":26,"column":1}},"12":{"start":{"line":20,"column":2},"end":{"line":23,"column":3}},"13":{"start":{"line":21,"column":28},"end":{"line":21,"column":40}},"14":{"start":{"line":22,"column":4},"end":{"line":22,"column":27}},"15":{"start":{"line":24,"column":26},"end":{"line":24,"column":33}},"16":{"start":{"line":25,"column":2},"end":{"line":25,"column":25}},"17":{"start":{"line":28,"column":31},"end":{"line":35,"column":1}},"18":{"start":{"line":29,"column":2},"end":{"line":32,"column":3}},"19":{"start":{"line":30,"column":30},"end":{"line":30,"column":37}},"20":{"start":{"line":31,"column":4},"end":{"line":31,"column":29}},"21":{"start":{"line":33,"column":28},"end":{"line":33,"column":40}},"22":{"start":{"line":34,"column":2},"end":{"line":34,"column":27}},"23":{"start":{"line":38,"column":23},"end":{"line":45,"column":1}},"24":{"start":{"line":39,"column":2},"end":{"line":42,"column":3}},"25":{"start":{"line":40,"column":20},"end":{"line":40,"column":84}},"26":{"start":{"line":41,"column":4},"end":{"line":41,"column":26}},"27":{"start":{"line":43,"column":18},"end":{"line":43,"column":83}},"28":{"start":{"line":44,"column":2},"end":{"line":44,"column":23}},"29":{"start":{"line":48,"column":30},"end":{"line":70,"column":1}},"30":{"start":{"line":50,"column":10},"end":{"line":50,"column":11}},"31":{"start":{"line":51,"column":18},"end":{"line":67,"column":1}},"32":{"start":{"line":52,"column":2},"end":{"line":55,"column":3}},"33":{"start":{"line":53,"column":4},"end":{"line":53,"column":29}},"34":{"start":{"line":54,"column":4},"end":{"line":54,"column":11}},"35":{"start":{"line":56,"column":19},"end":{"line":56,"column":20}},"36":{"start":{"line":57,"column":17},"end":{"line":57,"column":46}},"37":{"start":{"line":58,"column":2},"end":{"line":66,"column":3}},"38":{"start":{"line":59,"column":4},"end":{"line":59,"column":19}},"39":{"start":{"line":60,"column":9},"end":{"line":66,"column":3}},"40":{"start":{"line":61,"column":17},"end":{"line":61,"column":41}},"41":{"start":{"line":62,"column":4},"end":{"line":62,"column":22}},"42":{"start":{"line":64,"column":17},"end":{"line":64,"column":44}},"43":{"start":{"line":65,"column":4},"end":{"line":65,"column":22}},"44":{"start":{"line":68,"column":0},"end":{"line":68,"column":15}},"45":{"start":{"line":69,"column":0},"end":{"line":69,"column":11}}},"fnMap":{"0":{"name":"(anonymous_0)","decl":{"start":{"line":1,"column":25},"end":{"line":1,"column":26}},"loc":{"start":{"line":1,"column":39},"end":{"line":7,"column":1}},"line":1},"1":{"name":"(anonymous_1)","decl":{"start":{"line":9,"column":25},"end":{"line":9,"column":26}},"loc":{"start":{"line":9,"column":39},"end":{"line":17,"column":1}},"line":9},"2":{"name":"(anonymous_2)","decl":{"start":{"line":19,"column":29},"end":{"line":19,"column":30}},"loc":{"start":{"line":19,"column":56},"end":{"line":26,"column":1}},"line":19},"3":{"name":"(anonymous_3)","decl":{"start":{"line":28,"column":31},"end":{"line":28,"column":32}},"loc":{"start":{"line":28,"column":58},"end":{"line":35,"column":1}},"line":28},"4":{"name":"(anonymous_4)","decl":{"start":{"line":38,"column":23},"end":{"line":38,"column":24}},"loc":{"start":{"line":38,"column":50},"end":{"line":45,"column":1}},"line":38},"5":{"name":"(anonymous_5)","decl":{"start":{"line":48,"column":30},"end":{"line":48,"column":31}},"loc":{"start":{"line":48,"column":48},"end":{"line":70,"column":1}},"line":48},"6":{"name":"(anonymous_6)","decl":{"start":{"line":51,"column":18},"end":{"line":51,"column":19}},"loc":{"start":{"line":51,"column":32},"end":{"line":67,"column":1}},"line":51}},"branchMap":{"0":{"loc":{"start":{"line":12,"column":4},"end":{"line":14,"column":5}},"type":"if","locations":[{"start":{"line":12,"column":4},"end":{"line":14,"column":5}},{"start":{"line":12,"column":4},"end":{"line":14,"column":5}}],"line":12},"1":{"loc":{"start":{"line":20,"column":2},"end":{"line":23,"column":3}},"type":"if","locations":[{"start":{"line":20,"column":2},"end":{"line":23,"column":3}},{"start":{"line":20,"column":2},"end":{"line":23,"column":3}}],"line":20},"2":{"loc":{"start":{"line":29,"column":2},"end":{"line":32,"column":3}},"type":"if","locations":[{"start":{"line":29,"column":2},"end":{"line":32,"column":3}},{"start":{"line":29,"column":2},"end":{"line":32,"column":3}}],"line":29},"3":{"loc":{"start":{"line":39,"column":2},"end":{"line":42,"column":3}},"type":"if","locations":[{"start":{"line":39,"column":2},"end":{"line":42,"column":3}},{"start":{"line":39,"column":2},"end":{"line":42,"column":3}}],"line":39},"4":{"loc":{"start":{"line":52,"column":2},"end":{"line":55,"column":3}},"type":"if","locations":[{"start":{"line":52,"column":2},"end":{"line":55,"column":3}},{"start":{"line":52,"column":2},"end":{"line":55,"column":3}}],"line":52},"5":{"loc":{"start":{"line":58,"column":2},"end":{"line":66,"column":3}},"type":"if","locations":[{"start":{"line":58,"column":2},"end":{"line":66,"column":3}},{"start":{"line":58,"column":2},"end":{"line":66,"column":3}}],"line":58},"6":{"loc":{"start":{"line":60,"column":9},"end":{"line":66,"column":3}},"type":"if","locations":[{"start":{"line":60,"column":9},"end":{"line":66,"column":3}},{"start":{"line":60,"column":9},"end":{"line":66,"column":3}}],"line":60}},"s":{"0":2,"1":1,"2":1,"3":3,"4":1,"5":2,"6":0,"7":0,"8":0,"9":0,"10":0,"11":2,"12":0,"13":0,"14":0,"15":0,"16":0,"17":2,"18":0,"19":0,"20":0,"21":0,"22":0,"23":2,"24":0,"25":0,"26":0,"27":0,"28":0,"29":2,"30":0,"31":0,"32":0,"33":0,"34":0,"35":0,"36":0,"37":0,"38":0,"39":0,"40":0,"41":0,"42":0,"43":0,"44":0,"45":0},"f":{"0":1,"1":0,"2":0,"3":0,"4":0,"5":0,"6":0},"b":{"0":[0,0],"1":[0,0],"2":[0,0],"3":[0,0],"4":[0,0],"5":[0,0],"6":[0,0]},"_coverageSchema":"332fd63041d2c1bcb487cc26dd0d5f7d97098a6c","hash":"456f78980a09fc0d019d3bbc09b0214ee55eb75c"}
}
