{"/Users/jonathanmcnamara/Desktop/52-week-high/client/dist/src/components/averageBar.jsx": {"path":"/Users/jonathanmcnamara/Desktop/52-week-high/client/dist/src/components/averageBar.jsx","statementMap":{"0":{"start":{"line":5,"column":19},"end":{"line":15,"column":1}},"1":{"start":{"line":7,"column":2},"end":{"line":14,"column":9}}},"fnMap":{"0":{"name":"(anonymous_0)","decl":{"start":{"line":5,"column":19},"end":{"line":5,"column":20}},"loc":{"start":{"line":5,"column":30},"end":{"line":15,"column":1}},"line":5}},"branchMap":{"0":{"loc":{"start":{"line":11,"column":56},"end":{"line":11,"column":178}},"type":"cond-expr","locations":[{"start":{"line":11,"column":137},"end":{"line":11,"column":155}},{"start":{"line":11,"column":158},"end":{"line":11,"column":178}}],"line":11},"1":{"loc":{"start":{"line":11,"column":56},"end":{"line":11,"column":134}},"type":"binary-expr","locations":[{"start":{"line":11,"column":56},"end":{"line":11,"column":92}},{"start":{"line":11,"column":96},"end":{"line":11,"column":134}}],"line":11}},"s":{"0":1,"1":0},"f":{"0":0},"b":{"0":[0,0],"1":[0,0]},"_coverageSchema":"332fd63041d2c1bcb487cc26dd0d5f7d97098a6c","hash":"a3c7ecb9537756dc8a23c2d768498b42fa9f218c"}
,"/Users/jonathanmcnamara/Desktop/52-week-high/client/dist/src/components/averageTag.jsx": {"path":"/Users/jonathanmcnamara/Desktop/52-week-high/client/dist/src/components/averageTag.jsx","statementMap":{"0":{"start":{"line":4,"column":19},"end":{"line":12,"column":1}},"1":{"start":{"line":5,"column":2},"end":{"line":11,"column":3}}},"fnMap":{"0":{"name":"(anonymous_0)","decl":{"start":{"line":4,"column":19},"end":{"line":4,"column":20}},"loc":{"start":{"line":4,"column":30},"end":{"line":12,"column":1}},"line":4}},"branchMap":{"0":{"loc":{"start":{"line":6,"column":54},"end":{"line":6,"column":101}},"type":"cond-expr","locations":[{"start":{"line":6,"column":74},"end":{"line":6,"column":92}},{"start":{"line":6,"column":95},"end":{"line":6,"column":101}}],"line":6}},"s":{"0":1,"1":0},"f":{"0":0},"b":{"0":[0,0]},"_coverageSchema":"332fd63041d2c1bcb487cc26dd0d5f7d97098a6c","hash":"98a9b55816598274e67bcb667fb1321b0bde9548"}
,"/Users/jonathanmcnamara/Desktop/52-week-high/client/dist/src/components/bars.jsx": {"path":"/Users/jonathanmcnamara/Desktop/52-week-high/client/dist/src/components/bars.jsx","statementMap":{"0":{"start":{"line":24,"column":4},"end":{"line":24,"column":16}},"1":{"start":{"line":25,"column":4},"end":{"line":43,"column":5}},"2":{"start":{"line":44,"column":4},"end":{"line":44,"column":58}},"3":{"start":{"line":45,"column":4},"end":{"line":45,"column":65}},"4":{"start":{"line":48,"column":4},"end":{"line":68,"column":8}},"5":{"start":{"line":50,"column":22},"end":{"line":50,"column":48}},"6":{"start":{"line":51,"column":27},"end":{"line":51,"column":53}},"7":{"start":{"line":52,"column":8},"end":{"line":64,"column":11}},"8":{"start":{"line":67,"column":8},"end":{"line":67,"column":27}},"9":{"start":{"line":71,"column":4},"end":{"line":71,"column":40}},"10":{"start":{"line":72,"column":4},"end":{"line":77,"column":6}},"11":{"start":{"line":81,"column":4},"end":{"line":83,"column":6}},"12":{"start":{"line":88,"column":4},"end":{"line":146,"column":5}},"13":{"start":{"line":98,"column":12},"end":{"line":133,"column":13}},"14":{"start":{"line":99,"column":12},"end":{"line":106,"column":18}},"15":{"start":{"line":108,"column":19},"end":{"line":133,"column":13}},"16":{"start":{"line":110,"column":12},"end":{"line":119,"column":18}},"17":{"start":{"line":123,"column":10},"end":{"line":131,"column":16}}},"fnMap":{"0":{"name":"(anonymous_0)","decl":{"start":{"line":23,"column":2},"end":{"line":23,"column":3}},"loc":{"start":{"line":23,"column":21},"end":{"line":46,"column":3}},"line":23},"1":{"name":"(anonymous_1)","decl":{"start":{"line":47,"column":2},"end":{"line":47,"column":3}},"loc":{"start":{"line":47,"column":27},"end":{"line":69,"column":3}},"line":47},"2":{"name":"(anonymous_2)","decl":{"start":{"line":49,"column":12},"end":{"line":49,"column":13}},"loc":{"start":{"line":49,"column":26},"end":{"line":65,"column":7}},"line":49},"3":{"name":"(anonymous_3)","decl":{"start":{"line":66,"column":13},"end":{"line":66,"column":14}},"loc":{"start":{"line":66,"column":24},"end":{"line":68,"column":7}},"line":66},"4":{"name":"(anonymous_4)","decl":{"start":{"line":70,"column":2},"end":{"line":70,"column":3}},"loc":{"start":{"line":70,"column":26},"end":{"line":78,"column":3}},"line":70},"5":{"name":"(anonymous_5)","decl":{"start":{"line":80,"column":2},"end":{"line":80,"column":3}},"loc":{"start":{"line":80,"column":28},"end":{"line":85,"column":3}},"line":80},"6":{"name":"(anonymous_6)","decl":{"start":{"line":87,"column":2},"end":{"line":87,"column":3}},"loc":{"start":{"line":87,"column":11},"end":{"line":148,"column":3}},"line":87},"7":{"name":"(anonymous_7)","decl":{"start":{"line":97,"column":31},"end":{"line":97,"column":32}},"loc":{"start":{"line":97,"column":45},"end":{"line":134,"column":11}},"line":97}},"branchMap":{"0":{"loc":{"start":{"line":98,"column":12},"end":{"line":133,"column":13}},"type":"if","locations":[{"start":{"line":98,"column":12},"end":{"line":133,"column":13}},{"start":{"line":98,"column":12},"end":{"line":133,"column":13}}],"line":98},"1":{"loc":{"start":{"line":108,"column":19},"end":{"line":133,"column":13}},"type":"if","locations":[{"start":{"line":108,"column":19},"end":{"line":133,"column":13}},{"start":{"line":108,"column":19},"end":{"line":133,"column":13}}],"line":108}},"s":{"0":1,"1":1,"2":1,"3":1,"4":1,"5":0,"6":0,"7":0,"8":0,"9":0,"10":0,"11":0,"12":1,"13":0,"14":0,"15":0,"16":0,"17":0},"f":{"0":1,"1":1,"2":0,"3":0,"4":0,"5":0,"6":1,"7":0},"b":{"0":[0,0],"1":[0,0]},"_coverageSchema":"332fd63041d2c1bcb487cc26dd0d5f7d97098a6c","hash":"b69c14dab50fc90da95ef033e0db715731c699f9"}
,"/Users/jonathanmcnamara/Desktop/52-week-high/client/dist/src/components/currentPrice.jsx": {"path":"/Users/jonathanmcnamara/Desktop/52-week-high/client/dist/src/components/currentPrice.jsx","statementMap":{"0":{"start":{"line":5,"column":21},"end":{"line":23,"column":1}},"1":{"start":{"line":6,"column":4},"end":{"line":22,"column":1}},"2":{"start":{"line":10,"column":12},"end":{"line":16,"column":1}},"3":{"start":{"line":11,"column":14},"end":{"line":15,"column":20}},"4":{"start":{"line":17,"column":0},"end":{"line":17,"column":44}}},"fnMap":{"0":{"name":"(anonymous_0)","decl":{"start":{"line":5,"column":21},"end":{"line":5,"column":22}},"loc":{"start":{"line":5,"column":32},"end":{"line":23,"column":1}},"line":5},"1":{"name":"(anonymous_1)","decl":{"start":{"line":8,"column":26},"end":{"line":8,"column":27}},"loc":{"start":{"line":9,"column":12},"end":{"line":19,"column":1}},"line":9}},"branchMap":{"0":{"loc":{"start":{"line":10,"column":12},"end":{"line":16,"column":1}},"type":"if","locations":[{"start":{"line":10,"column":12},"end":{"line":16,"column":1}},{"start":{"line":10,"column":12},"end":{"line":16,"column":1}}],"line":10},"1":{"loc":{"start":{"line":11,"column":37},"end":{"line":11,"column":104}},"type":"cond-expr","locations":[{"start":{"line":11,"column":68},"end":{"line":11,"column":85}},{"start":{"line":11,"column":88},"end":{"line":11,"column":104}}],"line":11},"2":{"loc":{"start":{"line":13,"column":32},"end":{"line":13,"column":95}},"type":"cond-expr","locations":[{"start":{"line":13,"column":63},"end":{"line":13,"column":78}},{"start":{"line":13,"column":81},"end":{"line":13,"column":95}}],"line":13}},"s":{"0":1,"1":1,"2":0,"3":0,"4":0},"f":{"0":1,"1":0},"b":{"0":[0,0],"1":[0,0],"2":[0,0]},"_coverageSchema":"332fd63041d2c1bcb487cc26dd0d5f7d97098a6c","hash":"53bfe158013265738de8619ac272ea77d65e2d7e"}
,"/Users/jonathanmcnamara/Desktop/52-week-high/client/dist/src/components/currentPriceBar.jsx": {"path":"/Users/jonathanmcnamara/Desktop/52-week-high/client/dist/src/components/currentPriceBar.jsx","statementMap":{"0":{"start":{"line":4,"column":24},"end":{"line":12,"column":1}},"1":{"start":{"line":5,"column":2},"end":{"line":11,"column":3}}},"fnMap":{"0":{"name":"(anonymous_0)","decl":{"start":{"line":4,"column":24},"end":{"line":4,"column":25}},"loc":{"start":{"line":4,"column":35},"end":{"line":12,"column":1}},"line":4}},"branchMap":{"0":{"loc":{"start":{"line":8,"column":58},"end":{"line":8,"column":180}},"type":"cond-expr","locations":[{"start":{"line":8,"column":139},"end":{"line":8,"column":157}},{"start":{"line":8,"column":160},"end":{"line":8,"column":180}}],"line":8},"1":{"loc":{"start":{"line":8,"column":58},"end":{"line":8,"column":136}},"type":"binary-expr","locations":[{"start":{"line":8,"column":58},"end":{"line":8,"column":94}},{"start":{"line":8,"column":98},"end":{"line":8,"column":136}}],"line":8}},"s":{"0":2,"1":1},"f":{"0":1},"b":{"0":[0,1],"1":[1,0]},"_coverageSchema":"332fd63041d2c1bcb487cc26dd0d5f7d97098a6c","hash":"c29a15a85623e18046f541926f8b53ff610ecf77"}
,"/Users/jonathanmcnamara/Desktop/52-week-high/client/dist/src/components/fiftyTwoWeekInfo.jsx": {"path":"/Users/jonathanmcnamara/Desktop/52-week-high/client/dist/src/components/fiftyTwoWeekInfo.jsx","statementMap":{"0":{"start":{"line":4,"column":25},"end":{"line":17,"column":1}},"1":{"start":{"line":5,"column":2},"end":{"line":16,"column":3}}},"fnMap":{"0":{"name":"(anonymous_0)","decl":{"start":{"line":4,"column":25},"end":{"line":4,"column":26}},"loc":{"start":{"line":4,"column":36},"end":{"line":17,"column":1}},"line":4}},"branchMap":{},"s":{"0":1,"1":1},"f":{"0":1},"b":{},"_coverageSchema":"332fd63041d2c1bcb487cc26dd0d5f7d97098a6c","hash":"33c45071ce5af91b916e61c186589bae11a9ef25"}
,"/Users/jonathanmcnamara/Desktop/52-week-high/client/dist/src/components/normalBar.jsx": {"path":"/Users/jonathanmcnamara/Desktop/52-week-high/client/dist/src/components/normalBar.jsx","statementMap":{"0":{"start":{"line":6,"column":4},"end":{"line":6,"column":16}},"1":{"start":{"line":7,"column":4},"end":{"line":9,"column":5}},"2":{"start":{"line":10,"column":4},"end":{"line":10,"column":55}},"3":{"start":{"line":11,"column":4},"end":{"line":11,"column":65}},"4":{"start":{"line":15,"column":4},"end":{"line":17,"column":6}},"5":{"start":{"line":20,"column":4},"end":{"line":22,"column":6}},"6":{"start":{"line":25,"column":4},"end":{"line":33,"column":13}}},"fnMap":{"0":{"name":"(anonymous_0)","decl":{"start":{"line":5,"column":2},"end":{"line":5,"column":3}},"loc":{"start":{"line":5,"column":21},"end":{"line":12,"column":3}},"line":5},"1":{"name":"(anonymous_1)","decl":{"start":{"line":14,"column":2},"end":{"line":14,"column":3}},"loc":{"start":{"line":14,"column":23},"end":{"line":18,"column":3}},"line":14},"2":{"name":"(anonymous_2)","decl":{"start":{"line":19,"column":2},"end":{"line":19,"column":3}},"loc":{"start":{"line":19,"column":28},"end":{"line":23,"column":3}},"line":19},"3":{"name":"(anonymous_3)","decl":{"start":{"line":24,"column":2},"end":{"line":24,"column":3}},"loc":{"start":{"line":24,"column":11},"end":{"line":35,"column":3}},"line":24}},"branchMap":{"0":{"loc":{"start":{"line":29,"column":65},"end":{"line":29,"column":217}},"type":"cond-expr","locations":[{"start":{"line":29,"column":166},"end":{"line":29,"column":189}},{"start":{"line":29,"column":192},"end":{"line":29,"column":217}}],"line":29},"1":{"loc":{"start":{"line":29,"column":65},"end":{"line":29,"column":163}},"type":"binary-expr","locations":[{"start":{"line":29,"column":65},"end":{"line":29,"column":111}},{"start":{"line":29,"column":115},"end":{"line":29,"column":163}}],"line":29},"2":{"loc":{"start":{"line":30,"column":24},"end":{"line":30,"column":71}},"type":"cond-expr","locations":[{"start":{"line":30,"column":43},"end":{"line":30,"column":55}},{"start":{"line":30,"column":58},"end":{"line":30,"column":71}}],"line":30},"3":{"loc":{"start":{"line":31,"column":25},"end":{"line":31,"column":66}},"type":"cond-expr","locations":[{"start":{"line":31,"column":50},"end":{"line":31,"column":57}},{"start":{"line":31,"column":59},"end":{"line":31,"column":66}}],"line":31}},"s":{"0":2,"1":2,"2":2,"3":2,"4":1,"5":1,"6":4},"f":{"0":2,"1":1,"2":1,"3":4},"b":{"0":[3,1],"1":[4,3],"2":[1,3],"3":[3,1]},"_coverageSchema":"332fd63041d2c1bcb487cc26dd0d5f7d97098a6c","hash":"7c99476577b159fc18dab6c25575044581217508"}
,"/Users/jonathanmcnamara/Desktop/52-week-high/client/dist/src/components/pricePercentageAboveBelow.jsx": {"path":"/Users/jonathanmcnamara/Desktop/52-week-high/client/dist/src/components/pricePercentageAboveBelow.jsx","statementMap":{"0":{"start":{"line":4,"column":19},"end":{"line":27,"column":1}},"1":{"start":{"line":5,"column":2},"end":{"line":16,"column":3}},"2":{"start":{"line":6,"column":4},"end":{"line":15,"column":5}},"3":{"start":{"line":17,"column":2},"end":{"line":26,"column":3}}},"fnMap":{"0":{"name":"(anonymous_0)","decl":{"start":{"line":4,"column":19},"end":{"line":4,"column":20}},"loc":{"start":{"line":4,"column":30},"end":{"line":27,"column":1}},"line":4}},"branchMap":{"0":{"loc":{"start":{"line":5,"column":2},"end":{"line":16,"column":3}},"type":"if","locations":[{"start":{"line":5,"column":2},"end":{"line":16,"column":3}},{"start":{"line":5,"column":2},"end":{"line":16,"column":3}}],"line":5}},"s":{"0":1,"1":0,"2":0,"3":0},"f":{"0":0},"b":{"0":[0,0]},"_coverageSchema":"332fd63041d2c1bcb487cc26dd0d5f7d97098a6c","hash":"23abd7949ab3ff7ce73a72b6c6467d7b39f12ac7"}
,"/Users/jonathanmcnamara/Desktop/52-week-high/client/dist/src/components/showBarInfo.jsx": {"path":"/Users/jonathanmcnamara/Desktop/52-week-high/client/dist/src/components/showBarInfo.jsx","statementMap":{"0":{"start":{"line":4,"column":20},"end":{"line":13,"column":1}},"1":{"start":{"line":5,"column":2},"end":{"line":10,"column":3}},"2":{"start":{"line":6,"column":4},"end":{"line":9,"column":5}},"3":{"start":{"line":11,"column":2},"end":{"line":11,"column":22}}},"fnMap":{"0":{"name":"(anonymous_0)","decl":{"start":{"line":4,"column":20},"end":{"line":4,"column":21}},"loc":{"start":{"line":4,"column":31},"end":{"line":13,"column":1}},"line":4}},"branchMap":{"0":{"loc":{"start":{"line":5,"column":2},"end":{"line":10,"column":3}},"type":"if","locations":[{"start":{"line":5,"column":2},"end":{"line":10,"column":3}},{"start":{"line":5,"column":2},"end":{"line":10,"column":3}}],"line":5}},"s":{"0":1,"1":1,"2":0,"3":1},"f":{"0":1},"b":{"0":[0,1]},"_coverageSchema":"332fd63041d2c1bcb487cc26dd0d5f7d97098a6c","hash":"c5570be90eb032ba15cdf74c7bf7d1db82aa70c0"}
,"/Users/jonathanmcnamara/Desktop/52-week-high/client/dist/src/components/utilities/bars.js": {"path":"/Users/jonathanmcnamara/Desktop/52-week-high/client/dist/src/components/utilities/bars.js","statementMap":{"0":{"start":{"line":1,"column":25},"end":{"line":7,"column":1}},"1":{"start":{"line":2,"column":14},"end":{"line":2,"column":15}},"2":{"start":{"line":3,"column":2},"end":{"line":5,"column":3}},"3":{"start":{"line":4,"column":4},"end":{"line":4,"column":37}},"4":{"start":{"line":6,"column":2},"end":{"line":6,"column":51}},"5":{"start":{"line":9,"column":25},"end":{"line":17,"column":1}},"6":{"start":{"line":10,"column":21},"end":{"line":10,"column":22}},"7":{"start":{"line":11,"column":2},"end":{"line":15,"column":3}},"8":{"start":{"line":12,"column":4},"end":{"line":14,"column":5}},"9":{"start":{"line":13,"column":6},"end":{"line":13,"column":45}},"10":{"start":{"line":16,"column":2},"end":{"line":16,"column":22}},"11":{"start":{"line":19,"column":29},"end":{"line":26,"column":1}},"12":{"start":{"line":20,"column":2},"end":{"line":23,"column":3}},"13":{"start":{"line":21,"column":28},"end":{"line":21,"column":40}},"14":{"start":{"line":22,"column":4},"end":{"line":22,"column":27}},"15":{"start":{"line":24,"column":26},"end":{"line":24,"column":33}},"16":{"start":{"line":25,"column":2},"end":{"line":25,"column":25}},"17":{"start":{"line":28,"column":31},"end":{"line":35,"column":1}},"18":{"start":{"line":29,"column":2},"end":{"line":32,"column":3}},"19":{"start":{"line":30,"column":30},"end":{"line":30,"column":37}},"20":{"start":{"line":31,"column":4},"end":{"line":31,"column":29}},"21":{"start":{"line":33,"column":28},"end":{"line":33,"column":40}},"22":{"start":{"line":34,"column":2},"end":{"line":34,"column":27}},"23":{"start":{"line":37,"column":28},"end":{"line":49,"column":1}},"24":{"start":{"line":38,"column":23},"end":{"line":38,"column":25}},"25":{"start":{"line":39,"column":2},"end":{"line":47,"column":3}},"26":{"start":{"line":40,"column":4},"end":{"line":40,"column":47}},"27":{"start":{"line":41,"column":9},"end":{"line":47,"column":3}},"28":{"start":{"line":42,"column":4},"end":{"line":42,"column":47}},"29":{"start":{"line":43,"column":9},"end":{"line":47,"column":3}},"30":{"start":{"line":44,"column":4},"end":{"line":44,"column":31}},"31":{"start":{"line":46,"column":4},"end":{"line":46,"column":31}},"32":{"start":{"line":48,"column":2},"end":{"line":48,"column":24}},"33":{"start":{"line":51,"column":26},"end":{"line":63,"column":1}},"34":{"start":{"line":52,"column":21},"end":{"line":52,"column":23}},"35":{"start":{"line":53,"column":2},"end":{"line":61,"column":3}},"36":{"start":{"line":54,"column":4},"end":{"line":54,"column":29}},"37":{"start":{"line":55,"column":9},"end":{"line":61,"column":3}},"38":{"start":{"line":56,"column":4},"end":{"line":56,"column":29}},"39":{"start":{"line":57,"column":9},"end":{"line":61,"column":3}},"40":{"start":{"line":58,"column":4},"end":{"line":58,"column":29}},"41":{"start":{"line":60,"column":4},"end":{"line":60,"column":29}},"42":{"start":{"line":62,"column":2},"end":{"line":62,"column":22}},"43":{"start":{"line":65,"column":23},"end":{"line":72,"column":1}},"44":{"start":{"line":66,"column":2},"end":{"line":69,"column":3}},"45":{"start":{"line":67,"column":20},"end":{"line":67,"column":78}},"46":{"start":{"line":68,"column":4},"end":{"line":68,"column":26}},"47":{"start":{"line":70,"column":18},"end":{"line":70,"column":75}},"48":{"start":{"line":71,"column":2},"end":{"line":71,"column":23}},"49":{"start":{"line":75,"column":30},"end":{"line":97,"column":1}},"50":{"start":{"line":77,"column":10},"end":{"line":77,"column":11}},"51":{"start":{"line":78,"column":18},"end":{"line":94,"column":1}},"52":{"start":{"line":79,"column":2},"end":{"line":82,"column":3}},"53":{"start":{"line":80,"column":4},"end":{"line":80,"column":29}},"54":{"start":{"line":81,"column":4},"end":{"line":81,"column":11}},"55":{"start":{"line":83,"column":19},"end":{"line":83,"column":20}},"56":{"start":{"line":84,"column":17},"end":{"line":84,"column":46}},"57":{"start":{"line":85,"column":2},"end":{"line":93,"column":3}},"58":{"start":{"line":86,"column":4},"end":{"line":86,"column":19}},"59":{"start":{"line":87,"column":9},"end":{"line":93,"column":3}},"60":{"start":{"line":88,"column":17},"end":{"line":88,"column":41}},"61":{"start":{"line":89,"column":4},"end":{"line":89,"column":22}},"62":{"start":{"line":91,"column":17},"end":{"line":91,"column":44}},"63":{"start":{"line":92,"column":4},"end":{"line":92,"column":22}},"64":{"start":{"line":95,"column":0},"end":{"line":95,"column":15}},"65":{"start":{"line":96,"column":0},"end":{"line":96,"column":11}}},"fnMap":{"0":{"name":"(anonymous_0)","decl":{"start":{"line":1,"column":25},"end":{"line":1,"column":26}},"loc":{"start":{"line":1,"column":39},"end":{"line":7,"column":1}},"line":1},"1":{"name":"(anonymous_1)","decl":{"start":{"line":9,"column":25},"end":{"line":9,"column":26}},"loc":{"start":{"line":9,"column":39},"end":{"line":17,"column":1}},"line":9},"2":{"name":"(anonymous_2)","decl":{"start":{"line":19,"column":29},"end":{"line":19,"column":30}},"loc":{"start":{"line":19,"column":56},"end":{"line":26,"column":1}},"line":19},"3":{"name":"(anonymous_3)","decl":{"start":{"line":28,"column":31},"end":{"line":28,"column":32}},"loc":{"start":{"line":28,"column":58},"end":{"line":35,"column":1}},"line":28},"4":{"name":"(anonymous_4)","decl":{"start":{"line":37,"column":28},"end":{"line":37,"column":29}},"loc":{"start":{"line":37,"column":68},"end":{"line":49,"column":1}},"line":37},"5":{"name":"(anonymous_5)","decl":{"start":{"line":51,"column":26},"end":{"line":51,"column":27}},"loc":{"start":{"line":51,"column":66},"end":{"line":63,"column":1}},"line":51},"6":{"name":"(anonymous_6)","decl":{"start":{"line":65,"column":23},"end":{"line":65,"column":24}},"loc":{"start":{"line":65,"column":50},"end":{"line":72,"column":1}},"line":65},"7":{"name":"(anonymous_7)","decl":{"start":{"line":75,"column":30},"end":{"line":75,"column":31}},"loc":{"start":{"line":75,"column":48},"end":{"line":97,"column":1}},"line":75},"8":{"name":"(anonymous_8)","decl":{"start":{"line":78,"column":18},"end":{"line":78,"column":19}},"loc":{"start":{"line":78,"column":32},"end":{"line":94,"column":1}},"line":78}},"branchMap":{"0":{"loc":{"start":{"line":12,"column":4},"end":{"line":14,"column":5}},"type":"if","locations":[{"start":{"line":12,"column":4},"end":{"line":14,"column":5}},{"start":{"line":12,"column":4},"end":{"line":14,"column":5}}],"line":12},"1":{"loc":{"start":{"line":20,"column":2},"end":{"line":23,"column":3}},"type":"if","locations":[{"start":{"line":20,"column":2},"end":{"line":23,"column":3}},{"start":{"line":20,"column":2},"end":{"line":23,"column":3}}],"line":20},"2":{"loc":{"start":{"line":29,"column":2},"end":{"line":32,"column":3}},"type":"if","locations":[{"start":{"line":29,"column":2},"end":{"line":32,"column":3}},{"start":{"line":29,"column":2},"end":{"line":32,"column":3}}],"line":29},"3":{"loc":{"start":{"line":39,"column":2},"end":{"line":47,"column":3}},"type":"if","locations":[{"start":{"line":39,"column":2},"end":{"line":47,"column":3}},{"start":{"line":39,"column":2},"end":{"line":47,"column":3}}],"line":39},"4":{"loc":{"start":{"line":39,"column":6},"end":{"line":39,"column":43}},"type":"binary-expr","locations":[{"start":{"line":39,"column":6},"end":{"line":39,"column":17}},{"start":{"line":39,"column":21},"end":{"line":39,"column":43}}],"line":39},"5":{"loc":{"start":{"line":41,"column":9},"end":{"line":47,"column":3}},"type":"if","locations":[{"start":{"line":41,"column":9},"end":{"line":47,"column":3}},{"start":{"line":41,"column":9},"end":{"line":47,"column":3}}],"line":41},"6":{"loc":{"start":{"line":41,"column":13},"end":{"line":41,"column":51}},"type":"binary-expr","locations":[{"start":{"line":41,"column":13},"end":{"line":41,"column":25}},{"start":{"line":41,"column":29},"end":{"line":41,"column":51}}],"line":41},"7":{"loc":{"start":{"line":43,"column":9},"end":{"line":47,"column":3}},"type":"if","locations":[{"start":{"line":43,"column":9},"end":{"line":47,"column":3}},{"start":{"line":43,"column":9},"end":{"line":47,"column":3}}],"line":43},"8":{"loc":{"start":{"line":43,"column":13},"end":{"line":43,"column":51}},"type":"binary-expr","locations":[{"start":{"line":43,"column":13},"end":{"line":43,"column":25}},{"start":{"line":43,"column":29},"end":{"line":43,"column":51}}],"line":43},"9":{"loc":{"start":{"line":53,"column":2},"end":{"line":61,"column":3}},"type":"if","locations":[{"start":{"line":53,"column":2},"end":{"line":61,"column":3}},{"start":{"line":53,"column":2},"end":{"line":61,"column":3}}],"line":53},"10":{"loc":{"start":{"line":53,"column":6},"end":{"line":53,"column":43}},"type":"binary-expr","locations":[{"start":{"line":53,"column":6},"end":{"line":53,"column":17}},{"start":{"line":53,"column":21},"end":{"line":53,"column":43}}],"line":53},"11":{"loc":{"start":{"line":55,"column":9},"end":{"line":61,"column":3}},"type":"if","locations":[{"start":{"line":55,"column":9},"end":{"line":61,"column":3}},{"start":{"line":55,"column":9},"end":{"line":61,"column":3}}],"line":55},"12":{"loc":{"start":{"line":55,"column":13},"end":{"line":55,"column":51}},"type":"binary-expr","locations":[{"start":{"line":55,"column":13},"end":{"line":55,"column":25}},{"start":{"line":55,"column":29},"end":{"line":55,"column":51}}],"line":55},"13":{"loc":{"start":{"line":57,"column":9},"end":{"line":61,"column":3}},"type":"if","locations":[{"start":{"line":57,"column":9},"end":{"line":61,"column":3}},{"start":{"line":57,"column":9},"end":{"line":61,"column":3}}],"line":57},"14":{"loc":{"start":{"line":57,"column":13},"end":{"line":57,"column":51}},"type":"binary-expr","locations":[{"start":{"line":57,"column":13},"end":{"line":57,"column":25}},{"start":{"line":57,"column":29},"end":{"line":57,"column":51}}],"line":57},"15":{"loc":{"start":{"line":66,"column":2},"end":{"line":69,"column":3}},"type":"if","locations":[{"start":{"line":66,"column":2},"end":{"line":69,"column":3}},{"start":{"line":66,"column":2},"end":{"line":69,"column":3}}],"line":66},"16":{"loc":{"start":{"line":79,"column":2},"end":{"line":82,"column":3}},"type":"if","locations":[{"start":{"line":79,"column":2},"end":{"line":82,"column":3}},{"start":{"line":79,"column":2},"end":{"line":82,"column":3}}],"line":79},"17":{"loc":{"start":{"line":85,"column":2},"end":{"line":93,"column":3}},"type":"if","locations":[{"start":{"line":85,"column":2},"end":{"line":93,"column":3}},{"start":{"line":85,"column":2},"end":{"line":93,"column":3}}],"line":85},"18":{"loc":{"start":{"line":87,"column":9},"end":{"line":93,"column":3}},"type":"if","locations":[{"start":{"line":87,"column":9},"end":{"line":93,"column":3}},{"start":{"line":87,"column":9},"end":{"line":93,"column":3}}],"line":87}},"s":{"0":2,"1":1,"2":1,"3":3,"4":1,"5":2,"6":0,"7":0,"8":0,"9":0,"10":0,"11":2,"12":0,"13":0,"14":0,"15":0,"16":0,"17":2,"18":0,"19":0,"20":0,"21":0,"22":0,"23":2,"24":0,"25":0,"26":0,"27":0,"28":0,"29":0,"30":0,"31":0,"32":0,"33":2,"34":0,"35":0,"36":0,"37":0,"38":0,"39":0,"40":0,"41":0,"42":0,"43":2,"44":0,"45":0,"46":0,"47":0,"48":0,"49":2,"50":0,"51":0,"52":0,"53":0,"54":0,"55":0,"56":0,"57":0,"58":0,"59":0,"60":0,"61":0,"62":0,"63":0,"64":0,"65":0},"f":{"0":1,"1":0,"2":0,"3":0,"4":0,"5":0,"6":0,"7":0,"8":0},"b":{"0":[0,0],"1":[0,0],"2":[0,0],"3":[0,0],"4":[0,0],"5":[0,0],"6":[0,0],"7":[0,0],"8":[0,0],"9":[0,0],"10":[0,0],"11":[0,0],"12":[0,0],"13":[0,0],"14":[0,0],"15":[0,0],"16":[0,0],"17":[0,0],"18":[0,0]},"_coverageSchema":"332fd63041d2c1bcb487cc26dd0d5f7d97098a6c","hash":"067ce61cd4bdbf7db139f5e152b584515cb283c5"}
}
