TN:
SF:/Users/jonathanmcnamara/Desktop/52-week-high/client/dist/src/components/averageBar.jsx
FN:5,(anonymous_0)
FNF:1
FNH:0
FNDA:0,(anonymous_0)
DA:5,1
DA:6,0
DA:7,0
DA:8,0
LF:4
LH:1
BRDA:6,0,0,0
BRDA:6,0,1,0
BRDA:7,1,0,0
BRDA:7,1,1,0
BRDA:12,2,0,0
BRDA:12,2,1,0
BRDA:12,3,0,0
BRDA:12,3,1,0
BRF:8
BRH:0
end_of_record
TN:
SF:/Users/jonathanmcnamara/Desktop/52-week-high/client/dist/src/components/averageTag.jsx
FN:4,(anonymous_0)
FNF:1
FNH:0
FNDA:0,(anonymous_0)
DA:4,2
DA:5,0
DA:6,0
LF:3
LH:1
BRDA:7,0,0,0
BRDA:7,0,1,0
BRF:2
BRH:0
end_of_record
TN:
SF:/Users/jonathanmcnamara/Desktop/52-week-high/client/dist/src/components/bars.jsx
FN:21,(anonymous_0)
FN:41,(anonymous_1)
FN:43,(anonymous_2)
FN:58,(anonymous_3)
FN:62,(anonymous_4)
FN:72,(anonymous_5)
FN:79,(anonymous_6)
FN:90,(anonymous_7)
FNF:8
FNH:3
FNDA:1,(anonymous_0)
FNDA:1,(anonymous_1)
FNDA:0,(anonymous_2)
FNDA:0,(anonymous_3)
FNDA:0,(anonymous_4)
FNDA:0,(anonymous_5)
FNDA:1,(anonymous_6)
FNDA:0,(anonymous_7)
DA:22,1
DA:23,1
DA:38,1
DA:39,1
DA:42,1
DA:44,0
DA:45,0
DA:46,0
DA:59,0
DA:63,0
DA:64,0
DA:73,0
DA:80,1
DA:91,0
DA:92,0
DA:102,0
DA:104,0
DA:116,0
LF:18
LH:6
BRDA:91,0,0,0
BRDA:91,0,1,0
BRDA:102,1,0,0
BRDA:102,1,1,0
BRF:4
BRH:0
end_of_record
TN:
SF:/Users/jonathanmcnamara/Desktop/52-week-high/client/dist/src/components/currentPrice.jsx
FN:5,(anonymous_0)
FN:8,(anonymous_1)
FNF:2
FNH:1
FNDA:1,(anonymous_0)
FNDA:0,(anonymous_1)
DA:5,1
DA:6,1
DA:10,0
DA:11,0
DA:17,0
LF:5
LH:2
BRDA:10,0,0,0
BRDA:10,0,1,0
BRDA:11,1,0,0
BRDA:11,1,1,0
BRDA:11,2,0,0
BRDA:11,2,1,0
BRDA:13,3,0,0
BRDA:13,3,1,0
BRDA:13,4,0,0
BRDA:13,4,1,0
BRF:10
BRH:0
end_of_record
TN:
SF:/Users/jonathanmcnamara/Desktop/52-week-high/client/dist/src/components/currentPriceBar.jsx
FN:5,(anonymous_0)
FNF:1
FNH:1
FNDA:1,(anonymous_0)
DA:5,2
DA:6,1
DA:7,1
DA:8,1
DA:9,0
DA:18,1
LF:6
LH:5
BRDA:6,0,0,0
BRDA:6,0,1,1
BRDA:7,1,0,0
BRDA:7,1,1,1
BRDA:8,2,0,0
BRDA:8,2,1,1
BRDA:13,3,0,0
BRDA:13,3,1,0
BRDA:21,4,0,0
BRDA:21,4,1,1
BRF:10
BRH:4
end_of_record
TN:
SF:/Users/jonathanmcnamara/Desktop/52-week-high/client/dist/src/components/fiftyTwoWeekInfo.jsx
FN:4,(anonymous_0)
FNF:1
FNH:1
FNDA:1,(anonymous_0)
DA:4,1
DA:5,1
LF:2
LH:2
BRF:0
BRH:0
end_of_record
TN:
SF:/Users/jonathanmcnamara/Desktop/52-week-high/client/dist/src/components/normalBar.jsx
FN:5,(anonymous_0)
FN:14,(anonymous_1)
FN:19,(anonymous_2)
FN:24,(anonymous_3)
FNF:4
FNH:4
FNDA:2,(anonymous_0)
FNDA:1,(anonymous_1)
FNDA:1,(anonymous_2)
FNDA:4,(anonymous_3)
DA:6,2
DA:7,2
DA:10,2
DA:11,2
DA:15,1
DA:20,1
DA:25,4
DA:26,4
DA:27,4
LF:9
LH:9
BRDA:25,0,0,0
BRDA:25,0,1,4
BRDA:26,1,0,3
BRDA:26,1,1,1
BRDA:31,2,0,3
BRDA:31,2,1,1
BRDA:31,3,0,4
BRDA:31,3,1,3
BRDA:32,4,0,1
BRDA:32,4,1,3
BRDA:33,5,0,3
BRDA:33,5,1,1
BRF:12
BRH:11
end_of_record
TN:
SF:/Users/jonathanmcnamara/Desktop/52-week-high/client/dist/src/components/pricePercentageAboveBelow.jsx
FN:4,(anonymous_0)
FNF:1
FNH:0
FNDA:0,(anonymous_0)
DA:4,1
DA:5,0
DA:6,0
DA:17,0
LF:4
LH:1
BRDA:5,0,0,0
BRDA:5,0,1,0
BRDA:9,1,0,0
BRDA:9,1,1,0
BRDA:12,2,0,0
BRDA:12,2,1,0
BRDA:20,3,0,0
BRDA:20,3,1,0
BRDA:23,4,0,0
BRDA:23,4,1,0
BRF:10
BRH:0
end_of_record
TN:
SF:/Users/jonathanmcnamara/Desktop/52-week-high/client/dist/src/components/showBarInfo.jsx
FN:4,(anonymous_0)
FNF:1
FNH:1
FNDA:1,(anonymous_0)
DA:4,1
DA:5,1
DA:6,0
DA:11,1
LF:4
LH:3
BRDA:5,0,0,0
BRDA:5,0,1,1
BRDA:7,1,0,0
BRDA:7,1,1,0
BRF:4
BRH:1
end_of_record
TN:
SF:/Users/jonathanmcnamara/Desktop/52-week-high/client/dist/src/components/utilities/bars.js
FN:1,(anonymous_0)
FN:9,(anonymous_1)
FN:19,(anonymous_2)
FN:28,(anonymous_3)
FN:38,(anonymous_4)
FN:48,(anonymous_5)
FN:51,(anonymous_6)
FNF:7
FNH:1
FNDA:1,(anonymous_0)
FNDA:0,(anonymous_1)
FNDA:0,(anonymous_2)
FNDA:0,(anonymous_3)
FNDA:0,(anonymous_4)
FNDA:0,(anonymous_5)
FNDA:0,(anonymous_6)
DA:1,2
DA:2,1
DA:3,1
DA:4,3
DA:6,1
DA:9,2
DA:10,0
DA:11,0
DA:12,0
DA:13,0
DA:16,0
DA:19,2
DA:20,0
DA:21,0
DA:22,0
DA:24,0
DA:25,0
DA:28,2
DA:29,0
DA:30,0
DA:31,0
DA:33,0
DA:34,0
DA:38,2
DA:39,0
DA:40,0
DA:41,0
DA:43,0
DA:44,0
DA:48,2
DA:50,0
DA:51,0
DA:52,0
DA:53,0
DA:54,0
DA:56,0
DA:57,0
DA:58,0
DA:59,0
DA:60,0
DA:61,0
DA:62,0
DA:64,0
DA:65,0
DA:68,0
DA:69,0
LF:46
LH:10
BRDA:12,0,0,0
BRDA:12,0,1,0
BRDA:20,1,0,0
BRDA:20,1,1,0
BRDA:29,2,0,0
BRDA:29,2,1,0
BRDA:39,3,0,0
BRDA:39,3,1,0
BRDA:52,4,0,0
BRDA:52,4,1,0
BRDA:58,5,0,0
BRDA:58,5,1,0
BRDA:60,6,0,0
BRDA:60,6,1,0
BRF:14
BRH:0
end_of_record
